<?xml version="1.0" encoding="utf-8"?><testsuites name="pytest tests"><testsuite name="pytest" errors="0" failures="2" skipped="0" tests="14" time="3.162" timestamp="2026-05-03T05:52:18.736125+00:00" hostname="agent-env-a5069f98-62a1-485d-8478-b91e1e32fa87"><testcase classname="backend.tests.test_pdf_in_db_migration.TestDiskFolderEmpty" name="test_uploads_dir_has_no_pdfs" time="0.000" /><testcase classname="backend.tests.test_pdf_in_db_migration.TestMigrationStrippedFilePath" name="test_no_thesis_has_file_path" time="0.035"><failure message="AssertionError: 1 thesis docs still have legacy file_path&#10;assert 1 == 0">backend/tests/test_pdf_in_db_migration.py:106: in test_no_thesis_has_file_path
    assert cnt == 0, f"{cnt} thesis docs still have legacy file_path"
E   AssertionError: 1 thesis docs still have legacy file_path
E   assert 1 == 0</failure></testcase><testcase classname="backend.tests.test_pdf_in_db_migration.TestMigrationStrippedFilePath" name="test_thesis_files_count_matches_theses_with_file" time="0.001" /><testcase classname="backend.tests.test_pdf_in_db_migration.TestMigrationStrippedFilePath" name="test_no_orphan_has_file_flag" time="0.319" /><testcase classname="backend.tests.test_pdf_in_db_migration.TestUploadPersistsToDb" name="test_thesis_files_row_created_with_correct_size" time="0.471"><failure message="AssertionError: assert 'file_path' not in {'_id': ObjectId('69f6e2945ceae1c5636e4240'), 'abstract': 'Iteration 3 regression: PDF stored in Mongo.', 'created_at': '2026-05-03T05:52:20.044Z', 'file_name': 'iter3.pdf', ...}">backend/tests/test_pdf_in_db_migration.py:165: in test_thesis_files_row_created_with_correct_size
    assert "file_path" not in thesis
E   AssertionError: assert 'file_path' not in {'_id': ObjectId('69f6e2945ceae1c5636e4240'), 'abstract': 'Iteration 3 regression: PDF stored in Mongo.', 'created_at': '2026-05-03T05:52:20.044Z', 'file_name': 'iter3.pdf', ...}</failure></testcase><testcase classname="backend.tests.test_pdf_in_db_migration.TestUploadPersistsToDb" name="test_download_streams_from_db" time="0.072" /><testcase classname="backend.tests.test_pdf_in_db_migration.TestUploadPersistsToDb" name="test_update_replaces_file_upsert_unique" time="0.153" /><testcase classname="backend.tests.test_pdf_in_db_migration.TestUploadPersistsToDb" name="test_has_file_flag_driven_by_name_and_size" time="0.081" /><testcase classname="backend.tests.test_pdf_in_db_migration.TestSizeGuard" name="test_oversize_pdf_returns_413" time="0.606" /><testcase classname="backend.tests.test_pdf_in_db_migration.TestRoleGuardsStillWork" name="test_unauth_download_unpublished_blocked" time="0.084" /><testcase classname="backend.tests.test_pdf_in_db_migration.TestRoleGuardsStillWork" name="test_student_blocked_admin_endpoints" time="0.069" /><testcase classname="backend.tests.test_pdf_in_db_migration.TestDemoAccountsAuth" name="test_admin_login_returns_jwt" time="0.391" /><testcase classname="backend.tests.test_pdf_in_db_migration.TestDemoAccountsAuth" name="test_student_login_returns_jwt" time="0.000" /><testcase classname="backend.tests.test_pdf_in_db_migration.TestDemoAccountsAuth" name="test_supervisor_login_returns_jwt" time="0.359" /></testsuite></testsuites>