<?xml version="1.0" encoding="utf-8"?><testsuites name="pytest tests"><testsuite name="pytest" errors="0" failures="0" skipped="0" tests="14" time="2.694" timestamp="2026-05-03T05:56:07.219797+00:00" hostname="agent-env-a5069f98-62a1-485d-8478-b91e1e32fa87"><testcase classname="backend.tests.test_pdf_in_db_migration.TestDiskFolderEmpty" name="test_uploads_dir_has_no_pdfs" time="0.000" /><testcase classname="backend.tests.test_pdf_in_db_migration.TestMigrationStrippedFilePath" name="test_no_thesis_has_file_path" time="0.006" /><testcase classname="backend.tests.test_pdf_in_db_migration.TestMigrationStrippedFilePath" name="test_thesis_files_count_matches_theses_with_file" time="0.001" /><testcase classname="backend.tests.test_pdf_in_db_migration.TestMigrationStrippedFilePath" name="test_no_orphan_has_file_flag" time="0.214" /><testcase classname="backend.tests.test_pdf_in_db_migration.TestUploadPersistsToDb" name="test_thesis_files_row_created_with_correct_size" time="0.472" /><testcase classname="backend.tests.test_pdf_in_db_migration.TestUploadPersistsToDb" name="test_download_streams_from_db" time="0.082" /><testcase classname="backend.tests.test_pdf_in_db_migration.TestUploadPersistsToDb" name="test_update_replaces_file_upsert_unique" time="0.165" /><testcase classname="backend.tests.test_pdf_in_db_migration.TestUploadPersistsToDb" name="test_has_file_flag_driven_by_name_and_size" time="0.077" /><testcase classname="backend.tests.test_pdf_in_db_migration.TestSizeGuard" name="test_oversize_pdf_returns_413" time="0.624" /><testcase classname="backend.tests.test_pdf_in_db_migration.TestRoleGuardsStillWork" name="test_unauth_download_unpublished_blocked" time="0.077" /><testcase classname="backend.tests.test_pdf_in_db_migration.TestRoleGuardsStillWork" name="test_student_blocked_admin_endpoints" time="0.075" /><testcase classname="backend.tests.test_pdf_in_db_migration.TestDemoAccountsAuth" name="test_admin_login_returns_jwt" time="0.384" /><testcase classname="backend.tests.test_pdf_in_db_migration.TestDemoAccountsAuth" name="test_student_login_returns_jwt" time="0.000" /><testcase classname="backend.tests.test_pdf_in_db_migration.TestDemoAccountsAuth" name="test_supervisor_login_returns_jwt" time="0.372" /></testsuite></testsuites>