<?xml version="1.0" encoding="utf-8"?><testsuites name="pytest tests"><testsuite name="pytest" errors="0" failures="0" skipped="0" tests="36" time="5.552" timestamp="2026-05-03T05:53:16.916749+00:00" hostname="agent-env-a5069f98-62a1-485d-8478-b91e1e32fa87"><testcase classname="backend.tests.test_thesisvault_mern.TestStackMarker" name="test_root_returns_mern_stack" time="0.215" /><testcase classname="backend.tests.test_thesisvault_mern.TestAuth" name="test_login_admin" time="0.373" /><testcase classname="backend.tests.test_thesisvault_mern.TestAuth" name="test_login_supervisor" time="0.368" /><testcase classname="backend.tests.test_thesisvault_mern.TestAuth" name="test_login_student" time="0.369" /><testcase classname="backend.tests.test_thesisvault_mern.TestAuth" name="test_login_invalid" time="0.356" /><testcase classname="backend.tests.test_thesisvault_mern.TestAuth" name="test_me_with_bearer" time="0.429" /><testcase classname="backend.tests.test_thesisvault_mern.TestAuth" name="test_me_without_token" time="0.069" /><testcase classname="backend.tests.test_thesisvault_mern.TestAuth" name="test_register_student" time="0.147" /><testcase classname="backend.tests.test_thesisvault_mern.TestAuth" name="test_register_supervisor" time="0.143" /><testcase classname="backend.tests.test_thesisvault_mern.TestAuth" name="test_register_admin_blocked" time="0.077" /><testcase classname="backend.tests.test_thesisvault_mern.TestAuth" name="test_register_duplicate" time="0.080" /><testcase classname="backend.tests.test_thesisvault_mern.TestStudentWorkflow" name="test_create_draft_has_file" time="0.076" /><testcase classname="backend.tests.test_thesisvault_mern.TestStudentWorkflow" name="test_update_draft" time="0.154" /><testcase classname="backend.tests.test_thesisvault_mern.TestStudentWorkflow" name="test_submit" time="0.076" /><testcase classname="backend.tests.test_thesisvault_mern.TestStudentWorkflow" name="test_mine_lists_thesis" time="0.070" /><testcase classname="backend.tests.test_thesisvault_mern.TestRoleGuards" name="test_student_blocked_submitted" time="0.071" /><testcase classname="backend.tests.test_thesisvault_mern.TestRoleGuards" name="test_student_blocked_approved" time="0.079" /><testcase classname="backend.tests.test_thesisvault_mern.TestRoleGuards" name="test_student_blocked_review" time="0.069" /><testcase classname="backend.tests.test_thesisvault_mern.TestRoleGuards" name="test_student_blocked_publish" time="0.072" /><testcase classname="backend.tests.test_thesisvault_mern.TestRoleGuards" name="test_supervisor_blocked_publish" time="0.437" /><testcase classname="backend.tests.test_thesisvault_mern.TestSupervisorReview" name="test_submitted_list_visible" time="0.071" /><testcase classname="backend.tests.test_thesisvault_mern.TestSupervisorReview" name="test_review_approve" time="0.072" /><testcase classname="backend.tests.test_thesisvault_mern.TestSupervisorReview" name="test_review_record_created" time="0.071" /><testcase classname="backend.tests.test_thesisvault_mern.TestAdminAndPublic" name="test_approved_list" time="0.433" /><testcase classname="backend.tests.test_thesisvault_mern.TestAdminAndPublic" name="test_publish" time="0.072" /><testcase classname="backend.tests.test_thesisvault_mern.TestAdminAndPublic" name="test_public_list_contains_published" time="0.069" /><testcase classname="backend.tests.test_thesisvault_mern.TestAdminAndPublic" name="test_public_search_q" time="0.070" /><testcase classname="backend.tests.test_thesisvault_mern.TestAdminAndPublic" name="test_public_search_year" time="0.069" /><testcase classname="backend.tests.test_thesisvault_mern.TestAdminAndPublic" name="test_public_search_no_match" time="0.074" /><testcase classname="backend.tests.test_thesisvault_mern.TestAdminAndPublic" name="test_unpublish" time="0.139" /><testcase classname="backend.tests.test_thesisvault_mern.TestFileDownload" name="test_download_unpublished_requires_auth" time="0.074" /><testcase classname="backend.tests.test_thesisvault_mern.TestFileDownload" name="test_download_unpublished_with_bearer" time="0.072" /><testcase classname="backend.tests.test_thesisvault_mern.TestFileDownload" name="test_download_with_token_query_fallback" time="0.074" /><testcase classname="backend.tests.test_thesisvault_mern.TestFileDownload" name="test_download_public_when_published" time="0.244" /><testcase classname="backend.tests.test_thesisvault_mern.TestSeededData" name="test_public_has_seeded_published" time="0.069" /><testcase classname="backend.tests.test_thesisvault_mern.TestSeededData" name="test_student_has_seeded_theses" time="0.070" /></testsuite></testsuites>