<?xml version="1.0" encoding="utf-8"?><testsuites name="pytest tests"><testsuite name="pytest" errors="0" failures="0" skipped="0" tests="33" time="4.457" timestamp="2026-04-30T09:37:14.093178+00:00" hostname="agent-env-a5069f98-62a1-485d-8478-b91e1e32fa87"><testcase classname="backend.tests.test_thesisvault_api" name="test_root" time="0.129" /><testcase classname="backend.tests.test_thesisvault_api.TestAuth" name="test_login_admin" time="0.267" /><testcase classname="backend.tests.test_thesisvault_api.TestAuth" name="test_login_supervisor" time="0.263" /><testcase classname="backend.tests.test_thesisvault_api.TestAuth" name="test_login_student" time="0.264" /><testcase classname="backend.tests.test_thesisvault_api.TestAuth" name="test_login_invalid" time="0.301" /><testcase classname="backend.tests.test_thesisvault_api.TestAuth" name="test_me_returns_current" time="0.344" /><testcase classname="backend.tests.test_thesisvault_api.TestAuth" name="test_me_no_token_401" time="0.081" /><testcase classname="backend.tests.test_thesisvault_api.TestAuth" name="test_register_student_ok" time="0.268" /><testcase classname="backend.tests.test_thesisvault_api.TestAuth" name="test_register_supervisor_ok" time="0.305" /><testcase classname="backend.tests.test_thesisvault_api.TestAuth" name="test_register_admin_rejected" time="0.080" /><testcase classname="backend.tests.test_thesisvault_api.TestAuth" name="test_register_duplicate_email" time="0.042" /><testcase classname="backend.tests.test_thesisvault_api.TestStudentWorkflow" name="test_create_thesis_with_file" time="0.435" /><testcase classname="backend.tests.test_thesisvault_api.TestStudentWorkflow" name="test_mine_lists_thesis" time="0.042" /><testcase classname="backend.tests.test_thesisvault_api.TestStudentWorkflow" name="test_submit_thesis" time="0.044" /><testcase classname="backend.tests.test_thesisvault_api.TestStudentWorkflow" name="test_submit_without_file_400" time="0.115" /><testcase classname="backend.tests.test_thesisvault_api.TestReviewPublishPublic" name="test_supervisor_lists_submitted" time="0.307" /><testcase classname="backend.tests.test_thesisvault_api.TestReviewPublishPublic" name="test_student_cannot_list_submitted" time="0.083" /><testcase classname="backend.tests.test_thesisvault_api.TestReviewPublishPublic" name="test_student_cannot_review" time="0.066" /><testcase classname="backend.tests.test_thesisvault_api.TestReviewPublishPublic" name="test_supervisor_approves" time="0.086" /><testcase classname="backend.tests.test_thesisvault_api.TestReviewPublishPublic" name="test_student_cannot_publish" time="0.042" /><testcase classname="backend.tests.test_thesisvault_api.TestReviewPublishPublic" name="test_supervisor_cannot_publish" time="0.080" /><testcase classname="backend.tests.test_thesisvault_api.TestReviewPublishPublic" name="test_admin_lists_approved" time="0.041" /><testcase classname="backend.tests.test_thesisvault_api.TestReviewPublishPublic" name="test_admin_publish" time="0.083" /><testcase classname="backend.tests.test_thesisvault_api.TestReviewPublishPublic" name="test_public_lists_published" time="0.042" /><testcase classname="backend.tests.test_thesisvault_api.TestReviewPublishPublic" name="test_public_search_query" time="0.082" /><testcase classname="backend.tests.test_thesisvault_api.TestReviewPublishPublic" name="test_public_search_year_filter" time="0.040" /><testcase classname="backend.tests.test_thesisvault_api.TestReviewPublishPublic" name="test_public_search_seeded_keyword" time="0.083" /><testcase classname="backend.tests.test_thesisvault_api.TestReviewPublishPublic" name="test_file_download_public_for_published" time="0.044" /><testcase classname="backend.tests.test_thesisvault_api.TestReviewPublishPublic" name="test_admin_unpublish" time="0.083" /><testcase classname="backend.tests.test_thesisvault_api.TestReviewPublishPublic" name="test_file_download_requires_auth_after_unpublish" time="0.090" /><testcase classname="backend.tests.test_thesisvault_api.TestReviewPublishPublic" name="test_file_download_with_token_query" time="0.042" /><testcase classname="backend.tests.test_thesisvault_api.TestSeedData" name="test_three_published_seeded" time="0.041" /><testcase classname="backend.tests.test_thesisvault_api.TestSeedData" name="test_student_dashboard_has_seeded_data" time="0.042" /></testsuite></testsuites>